ERROR - 2023-01-18 13:32:57 --> Table 'u6586035_hazeduca.hazedu_mapel' doesn't exist
CRITICAL - 2023-01-18 13:32:57 --> Call to a member function getResult() on bool
#0 D:\HAZ Development\Aplikasi Web\htdocs\hazeduca\vendor\codeigniter4\framework\system\BaseModel.php(584): CodeIgniter\Model->doFindAll(0, 0)
#1 D:\HAZ Development\Aplikasi Web\htdocs\hazeduca\app\Controllers\Home.php(18): CodeIgniter\BaseModel->findAll()
#2 D:\HAZ Development\Aplikasi Web\htdocs\hazeduca\vendor\codeigniter4\framework\system\CodeIgniter.php(825): App\Controllers\Home->index()
#3 D:\HAZ Development\Aplikasi Web\htdocs\hazeduca\vendor\codeigniter4\framework\system\CodeIgniter.php(412): CodeIgniter\CodeIgniter->runController(Object(App\Controllers\Home))
#4 D:\HAZ Development\Aplikasi Web\htdocs\hazeduca\vendor\codeigniter4\framework\system\CodeIgniter.php(320): CodeIgniter\CodeIgniter->handleRequest(NULL, Object(Config\Cache), false)
#5 D:\HAZ Development\Aplikasi Web\htdocs\hazeduca\index.php(37): CodeIgniter\CodeIgniter->run()
#6 {main}
ERROR - 2023-01-18 13:33:08 --> Table 'u6586035_hazeduca.hazedu_mapel' doesn't exist
CRITICAL - 2023-01-18 13:33:08 --> Table 'u6586035_hazeduca.hazedu_mapel' doesn't exist
#0 D:\HAZ Development\Aplikasi Web\htdocs\hazeduca\vendor\codeigniter4\framework\system\Database\MySQLi\Connection.php(292): mysqli->query('SELECT *\nFROM `...', 0)
#1 D:\HAZ Development\Aplikasi Web\htdocs\hazeduca\vendor\codeigniter4\framework\system\Database\BaseConnection.php(670): CodeIgniter\Database\MySQLi\Connection->execute('SELECT *\nFROM `...')
#2 D:\HAZ Development\Aplikasi Web\htdocs\hazeduca\vendor\codeigniter4\framework\system\Database\BaseConnection.php(598): CodeIgniter\Database\BaseConnection->simpleQuery('SELECT *\nFROM `...')
#3 D:\HAZ Development\Aplikasi Web\htdocs\hazeduca\vendor\codeigniter4\framework\system\Database\BaseBuilder.php(1455): CodeIgniter\Database\BaseConnection->query('SELECT *\nFROM `...', Array, false)
#4 D:\HAZ Development\Aplikasi Web\htdocs\hazeduca\vendor\codeigniter4\framework\system\Model.php(183): CodeIgniter\Database\BaseBuilder->get()
#5 D:\HAZ Development\Aplikasi Web\htdocs\hazeduca\vendor\codeigniter4\framework\system\BaseModel.php(584): CodeIgniter\Model->doFindAll(0, 0)
#6 D:\HAZ Development\Aplikasi Web\htdocs\hazeduca\app\Controllers\Home.php(18): CodeIgniter\BaseModel->findAll()
#7 D:\HAZ Development\Aplikasi Web\htdocs\hazeduca\vendor\codeigniter4\framework\system\CodeIgniter.php(825): App\Controllers\Home->index()
#8 D:\HAZ Development\Aplikasi Web\htdocs\hazeduca\vendor\codeigniter4\framework\system\CodeIgniter.php(412): CodeIgniter\CodeIgniter->runController(Object(App\Controllers\Home))
#9 D:\HAZ Development\Aplikasi Web\htdocs\hazeduca\vendor\codeigniter4\framework\system\CodeIgniter.php(320): CodeIgniter\CodeIgniter->handleRequest(NULL, Object(Config\Cache), false)
#10 D:\HAZ Development\Aplikasi Web\htdocs\hazeduca\index.php(37): CodeIgniter\CodeIgniter->run()
#11 {main}
ERROR - 2023-01-18 13:35:32 --> Table 'u6586035_hazeduca.hazedu_mapel' doesn't exist
CRITICAL - 2023-01-18 13:35:32 --> Table 'u6586035_hazeduca.hazedu_mapel' doesn't exist
#0 D:\HAZ Development\Aplikasi Web\htdocs\hazeduca\vendor\codeigniter4\framework\system\Database\MySQLi\Connection.php(292): mysqli->query('SELECT *\nFROM `...', 0)
#1 D:\HAZ Development\Aplikasi Web\htdocs\hazeduca\vendor\codeigniter4\framework\system\Database\BaseConnection.php(670): CodeIgniter\Database\MySQLi\Connection->execute('SELECT *\nFROM `...')
#2 D:\HAZ Development\Aplikasi Web\htdocs\hazeduca\vendor\codeigniter4\framework\system\Database\BaseConnection.php(598): CodeIgniter\Database\BaseConnection->simpleQuery('SELECT *\nFROM `...')
#3 D:\HAZ Development\Aplikasi Web\htdocs\hazeduca\vendor\codeigniter4\framework\system\Database\BaseBuilder.php(1455): CodeIgniter\Database\BaseConnection->query('SELECT *\nFROM `...', Array, false)
#4 D:\HAZ Development\Aplikasi Web\htdocs\hazeduca\vendor\codeigniter4\framework\system\Model.php(183): CodeIgniter\Database\BaseBuilder->get()
#5 D:\HAZ Development\Aplikasi Web\htdocs\hazeduca\vendor\codeigniter4\framework\system\BaseModel.php(584): CodeIgniter\Model->doFindAll(0, 0)
#6 D:\HAZ Development\Aplikasi Web\htdocs\hazeduca\app\Controllers\Home.php(18): CodeIgniter\BaseModel->findAll()
#7 D:\HAZ Development\Aplikasi Web\htdocs\hazeduca\vendor\codeigniter4\framework\system\CodeIgniter.php(825): App\Controllers\Home->index()
#8 D:\HAZ Development\Aplikasi Web\htdocs\hazeduca\vendor\codeigniter4\framework\system\CodeIgniter.php(412): CodeIgniter\CodeIgniter->runController(Object(App\Controllers\Home))
#9 D:\HAZ Development\Aplikasi Web\htdocs\hazeduca\vendor\codeigniter4\framework\system\CodeIgniter.php(320): CodeIgniter\CodeIgniter->handleRequest(NULL, Object(Config\Cache), false)
#10 D:\HAZ Development\Aplikasi Web\htdocs\hazeduca\index.php(37): CodeIgniter\CodeIgniter->run()
#11 {main}
ERROR - 2023-01-18 13:35:35 --> Table 'u6586035_hazeduca.hazedu_mapel' doesn't exist
CRITICAL - 2023-01-18 13:35:35 --> Table 'u6586035_hazeduca.hazedu_mapel' doesn't exist
#0 D:\HAZ Development\Aplikasi Web\htdocs\hazeduca\vendor\codeigniter4\framework\system\Database\MySQLi\Connection.php(292): mysqli->query('SELECT *\nFROM `...', 0)
#1 D:\HAZ Development\Aplikasi Web\htdocs\hazeduca\vendor\codeigniter4\framework\system\Database\BaseConnection.php(670): CodeIgniter\Database\MySQLi\Connection->execute('SELECT *\nFROM `...')
#2 D:\HAZ Development\Aplikasi Web\htdocs\hazeduca\vendor\codeigniter4\framework\system\Database\BaseConnection.php(598): CodeIgniter\Database\BaseConnection->simpleQuery('SELECT *\nFROM `...')
#3 D:\HAZ Development\Aplikasi Web\htdocs\hazeduca\vendor\codeigniter4\framework\system\Database\BaseBuilder.php(1455): CodeIgniter\Database\BaseConnection->query('SELECT *\nFROM `...', Array, false)
#4 D:\HAZ Development\Aplikasi Web\htdocs\hazeduca\vendor\codeigniter4\framework\system\Model.php(183): CodeIgniter\Database\BaseBuilder->get()
#5 D:\HAZ Development\Aplikasi Web\htdocs\hazeduca\vendor\codeigniter4\framework\system\BaseModel.php(584): CodeIgniter\Model->doFindAll(0, 0)
#6 D:\HAZ Development\Aplikasi Web\htdocs\hazeduca\app\Controllers\Home.php(18): CodeIgniter\BaseModel->findAll()
#7 D:\HAZ Development\Aplikasi Web\htdocs\hazeduca\vendor\codeigniter4\framework\system\CodeIgniter.php(825): App\Controllers\Home->index()
#8 D:\HAZ Development\Aplikasi Web\htdocs\hazeduca\vendor\codeigniter4\framework\system\CodeIgniter.php(412): CodeIgniter\CodeIgniter->runController(Object(App\Controllers\Home))
#9 D:\HAZ Development\Aplikasi Web\htdocs\hazeduca\vendor\codeigniter4\framework\system\CodeIgniter.php(320): CodeIgniter\CodeIgniter->handleRequest(NULL, Object(Config\Cache), false)
#10 D:\HAZ Development\Aplikasi Web\htdocs\hazeduca\index.php(37): CodeIgniter\CodeIgniter->run()
#11 {main}
CRITICAL - 2023-01-18 13:38:31 --> Undefined variable $data
#0 D:\HAZ Development\Aplikasi Web\htdocs\hazeduca\app\Controllers\Api.php(423): CodeIgniter\Debug\Exceptions->errorHandler(2, 'Undefined varia...', 'D:\\HAZ Developm...', 423)
#1 D:\HAZ Development\Aplikasi Web\htdocs\hazeduca\vendor\codeigniter4\framework\system\CodeIgniter.php(825): App\Controllers\Api->banksoal('Paket C IPS', 'null')
#2 D:\HAZ Development\Aplikasi Web\htdocs\hazeduca\vendor\codeigniter4\framework\system\CodeIgniter.php(412): CodeIgniter\CodeIgniter->runController(Object(App\Controllers\Api))
#3 D:\HAZ Development\Aplikasi Web\htdocs\hazeduca\vendor\codeigniter4\framework\system\CodeIgniter.php(320): CodeIgniter\CodeIgniter->handleRequest(NULL, Object(Config\Cache), false)
#4 D:\HAZ Development\Aplikasi Web\htdocs\hazeduca\index.php(37): CodeIgniter\CodeIgniter->run()
#5 {main}
CRITICAL - 2023-01-18 13:39:10 --> Too few arguments to function App\Controllers\Api::banksoal(), 1 passed in D:\HAZ Development\Aplikasi Web\htdocs\hazeduca\vendor\codeigniter4\framework\system\CodeIgniter.php on line 825 and at least 2 expected
#0 D:\HAZ Development\Aplikasi Web\htdocs\hazeduca\vendor\codeigniter4\framework\system\CodeIgniter.php(825): App\Controllers\Api->banksoal('null')
#1 D:\HAZ Development\Aplikasi Web\htdocs\hazeduca\vendor\codeigniter4\framework\system\CodeIgniter.php(412): CodeIgniter\CodeIgniter->runController(Object(App\Controllers\Api))
#2 D:\HAZ Development\Aplikasi Web\htdocs\hazeduca\vendor\codeigniter4\framework\system\CodeIgniter.php(320): CodeIgniter\CodeIgniter->handleRequest(NULL, Object(Config\Cache), false)
#3 D:\HAZ Development\Aplikasi Web\htdocs\hazeduca\index.php(37): CodeIgniter\CodeIgniter->run()
#4 {main}
CRITICAL - 2023-01-18 13:39:11 --> Too few arguments to function App\Controllers\Api::banksoal(), 1 passed in D:\HAZ Development\Aplikasi Web\htdocs\hazeduca\vendor\codeigniter4\framework\system\CodeIgniter.php on line 825 and at least 2 expected
#0 D:\HAZ Development\Aplikasi Web\htdocs\hazeduca\vendor\codeigniter4\framework\system\CodeIgniter.php(825): App\Controllers\Api->banksoal('null')
#1 D:\HAZ Development\Aplikasi Web\htdocs\hazeduca\vendor\codeigniter4\framework\system\CodeIgniter.php(412): CodeIgniter\CodeIgniter->runController(Object(App\Controllers\Api))
#2 D:\HAZ Development\Aplikasi Web\htdocs\hazeduca\vendor\codeigniter4\framework\system\CodeIgniter.php(320): CodeIgniter\CodeIgniter->handleRequest(NULL, Object(Config\Cache), false)
#3 D:\HAZ Development\Aplikasi Web\htdocs\hazeduca\index.php(37): CodeIgniter\CodeIgniter->run()
#4 {main}
CRITICAL - 2023-01-18 13:39:52 --> Undefined variable $data
#0 D:\HAZ Development\Aplikasi Web\htdocs\hazeduca\app\Controllers\Api.php(423): CodeIgniter\Debug\Exceptions->errorHandler(2, 'Undefined varia...', 'D:\\HAZ Developm...', 423)
#1 D:\HAZ Development\Aplikasi Web\htdocs\hazeduca\vendor\codeigniter4\framework\system\CodeIgniter.php(825): App\Controllers\Api->banksoal('Paket C IPA', 'null')
#2 D:\HAZ Development\Aplikasi Web\htdocs\hazeduca\vendor\codeigniter4\framework\system\CodeIgniter.php(412): CodeIgniter\CodeIgniter->runController(Object(App\Controllers\Api))
#3 D:\HAZ Development\Aplikasi Web\htdocs\hazeduca\vendor\codeigniter4\framework\system\CodeIgniter.php(320): CodeIgniter\CodeIgniter->handleRequest(NULL, Object(Config\Cache), false)
#4 D:\HAZ Development\Aplikasi Web\htdocs\hazeduca\index.php(37): CodeIgniter\CodeIgniter->run()
#5 {main}
CRITICAL - 2023-01-18 13:39:53 --> Too few arguments to function App\Controllers\Api::banksoal(), 1 passed in D:\HAZ Development\Aplikasi Web\htdocs\hazeduca\vendor\codeigniter4\framework\system\CodeIgniter.php on line 825 and at least 2 expected
#0 D:\HAZ Development\Aplikasi Web\htdocs\hazeduca\vendor\codeigniter4\framework\system\CodeIgniter.php(825): App\Controllers\Api->banksoal('null')
#1 D:\HAZ Development\Aplikasi Web\htdocs\hazeduca\vendor\codeigniter4\framework\system\CodeIgniter.php(412): CodeIgniter\CodeIgniter->runController(Object(App\Controllers\Api))
#2 D:\HAZ Development\Aplikasi Web\htdocs\hazeduca\vendor\codeigniter4\framework\system\CodeIgniter.php(320): CodeIgniter\CodeIgniter->handleRequest(NULL, Object(Config\Cache), false)
#3 D:\HAZ Development\Aplikasi Web\htdocs\hazeduca\index.php(37): CodeIgniter\CodeIgniter->run()
#4 {main}
CRITICAL - 2023-01-18 13:39:55 --> Too few arguments to function App\Controllers\Api::banksoal(), 1 passed in D:\HAZ Development\Aplikasi Web\htdocs\hazeduca\vendor\codeigniter4\framework\system\CodeIgniter.php on line 825 and at least 2 expected
#0 D:\HAZ Development\Aplikasi Web\htdocs\hazeduca\vendor\codeigniter4\framework\system\CodeIgniter.php(825): App\Controllers\Api->banksoal('null')
#1 D:\HAZ Development\Aplikasi Web\htdocs\hazeduca\vendor\codeigniter4\framework\system\CodeIgniter.php(412): CodeIgniter\CodeIgniter->runController(Object(App\Controllers\Api))
#2 D:\HAZ Development\Aplikasi Web\htdocs\hazeduca\vendor\codeigniter4\framework\system\CodeIgniter.php(320): CodeIgniter\CodeIgniter->handleRequest(NULL, Object(Config\Cache), false)
#3 D:\HAZ Development\Aplikasi Web\htdocs\hazeduca\index.php(37): CodeIgniter\CodeIgniter->run()
#4 {main}
CRITICAL - 2023-01-18 13:39:55 --> Too few arguments to function App\Controllers\Api::banksoal(), 1 passed in D:\HAZ Development\Aplikasi Web\htdocs\hazeduca\vendor\codeigniter4\framework\system\CodeIgniter.php on line 825 and at least 2 expected
#0 D:\HAZ Development\Aplikasi Web\htdocs\hazeduca\vendor\codeigniter4\framework\system\CodeIgniter.php(825): App\Controllers\Api->banksoal('Tingkatan 6')
#1 D:\HAZ Development\Aplikasi Web\htdocs\hazeduca\vendor\codeigniter4\framework\system\CodeIgniter.php(412): CodeIgniter\CodeIgniter->runController(Object(App\Controllers\Api))
#2 D:\HAZ Development\Aplikasi Web\htdocs\hazeduca\vendor\codeigniter4\framework\system\CodeIgniter.php(320): CodeIgniter\CodeIgniter->handleRequest(NULL, Object(Config\Cache), false)
#3 D:\HAZ Development\Aplikasi Web\htdocs\hazeduca\index.php(37): CodeIgniter\CodeIgniter->run()
#4 {main}
CRITICAL - 2023-01-18 13:39:56 --> Too few arguments to function App\Controllers\Api::banksoal(), 1 passed in D:\HAZ Development\Aplikasi Web\htdocs\hazeduca\vendor\codeigniter4\framework\system\CodeIgniter.php on line 825 and at least 2 expected
#0 D:\HAZ Development\Aplikasi Web\htdocs\hazeduca\vendor\codeigniter4\framework\system\CodeIgniter.php(825): App\Controllers\Api->banksoal('Tingkatan 6')
#1 D:\HAZ Development\Aplikasi Web\htdocs\hazeduca\vendor\codeigniter4\framework\system\CodeIgniter.php(412): CodeIgniter\CodeIgniter->runController(Object(App\Controllers\Api))
#2 D:\HAZ Development\Aplikasi Web\htdocs\hazeduca\vendor\codeigniter4\framework\system\CodeIgniter.php(320): CodeIgniter\CodeIgniter->handleRequest(NULL, Object(Config\Cache), false)
#3 D:\HAZ Development\Aplikasi Web\htdocs\hazeduca\index.php(37): CodeIgniter\CodeIgniter->run()
#4 {main}
CRITICAL - 2023-01-18 13:45:40 --> Unable to generate image: please check if the GD extension is enabled and configured correctly
#0 D:\HAZ Development\Aplikasi Web\htdocs\hazeduca\vendor\endroid\qr-code\src\Builder\Builder.php(231): Endroid\QrCode\Writer\PngWriter->write(Object(Endroid\QrCode\QrCode), Object(Endroid\QrCode\Logo\Logo), NULL, Array)
#1 D:\HAZ Development\Aplikasi Web\htdocs\hazeduca\app\Controllers\Kartuujian.php(73): Endroid\QrCode\Builder\Builder->build()
#2 D:\HAZ Development\Aplikasi Web\htdocs\hazeduca\vendor\codeigniter4\framework\system\CodeIgniter.php(825): App\Controllers\Kartuujian->checked('Kelas 12 IPS', 'Tingkatan 6')
#3 D:\HAZ Development\Aplikasi Web\htdocs\hazeduca\vendor\codeigniter4\framework\system\CodeIgniter.php(412): CodeIgniter\CodeIgniter->runController(Object(App\Controllers\Kartuujian))
#4 D:\HAZ Development\Aplikasi Web\htdocs\hazeduca\vendor\codeigniter4\framework\system\CodeIgniter.php(320): CodeIgniter\CodeIgniter->handleRequest(NULL, Object(Config\Cache), false)
#5 D:\HAZ Development\Aplikasi Web\htdocs\hazeduca\index.php(37): CodeIgniter\CodeIgniter->run()
#6 {main}
CRITICAL - 2023-01-18 13:47:36 --> Unable to generate image: please check if the GD extension is enabled and configured correctly
#0 D:\HAZ Development\Aplikasi Web\htdocs\hazeduca\vendor\endroid\qr-code\src\Builder\Builder.php(231): Endroid\QrCode\Writer\PngWriter->write(Object(Endroid\QrCode\QrCode), Object(Endroid\QrCode\Logo\Logo), NULL, Array)
#1 D:\HAZ Development\Aplikasi Web\htdocs\hazeduca\app\Controllers\Kartuujian.php(73): Endroid\QrCode\Builder\Builder->build()
#2 D:\HAZ Development\Aplikasi Web\htdocs\hazeduca\vendor\codeigniter4\framework\system\CodeIgniter.php(825): App\Controllers\Kartuujian->checked('Kelas 12 IPS', 'Tingkatan 6')
#3 D:\HAZ Development\Aplikasi Web\htdocs\hazeduca\vendor\codeigniter4\framework\system\CodeIgniter.php(412): CodeIgniter\CodeIgniter->runController(Object(App\Controllers\Kartuujian))
#4 D:\HAZ Development\Aplikasi Web\htdocs\hazeduca\vendor\codeigniter4\framework\system\CodeIgniter.php(320): CodeIgniter\CodeIgniter->handleRequest(NULL, Object(Config\Cache), false)
#5 D:\HAZ Development\Aplikasi Web\htdocs\hazeduca\index.php(37): CodeIgniter\CodeIgniter->run()
#6 {main}
CRITICAL - 2023-01-18 13:50:11 --> imagecreatefromstring(): gd-png: libpng warning: iCCP: known incorrect sRGB profile
#0 [internal function]: CodeIgniter\Debug\Exceptions->errorHandler(2, 'imagecreatefrom...', 'D:\\HAZ Developm...', 63)
#1 D:\HAZ Development\Aplikasi Web\htdocs\hazeduca\vendor\endroid\qr-code\src\ImageData\LogoImageData.php(63): imagecreatefromstring('\x89PNG\r\n\x1A\n\x00\x00\x00\rIHD...')
#2 D:\HAZ Development\Aplikasi Web\htdocs\hazeduca\vendor\endroid\qr-code\src\Writer\PngWriter.php(128): Endroid\QrCode\ImageData\LogoImageData::createForLogo(Object(Endroid\QrCode\Logo\Logo))
#3 D:\HAZ Development\Aplikasi Web\htdocs\hazeduca\vendor\endroid\qr-code\src\Writer\PngWriter.php(116): Endroid\QrCode\Writer\PngWriter->addLogo(Object(Endroid\QrCode\Logo\Logo), Object(Endroid\QrCode\Writer\Result\PngResult))
#4 D:\HAZ Development\Aplikasi Web\htdocs\hazeduca\vendor\endroid\qr-code\src\Builder\Builder.php(231): Endroid\QrCode\Writer\PngWriter->write(Object(Endroid\QrCode\QrCode), Object(Endroid\QrCode\Logo\Logo), NULL, Array)
#5 D:\HAZ Development\Aplikasi Web\htdocs\hazeduca\app\Controllers\Kartuujian.php(73): Endroid\QrCode\Builder\Builder->build()
#6 D:\HAZ Development\Aplikasi Web\htdocs\hazeduca\vendor\codeigniter4\framework\system\CodeIgniter.php(825): App\Controllers\Kartuujian->checked('Kelas 12 IPS', 'Tingkatan 6')
#7 D:\HAZ Development\Aplikasi Web\htdocs\hazeduca\vendor\codeigniter4\framework\system\CodeIgniter.php(412): CodeIgniter\CodeIgniter->runController(Object(App\Controllers\Kartuujian))
#8 D:\HAZ Development\Aplikasi Web\htdocs\hazeduca\vendor\codeigniter4\framework\system\CodeIgniter.php(320): CodeIgniter\CodeIgniter->handleRequest(NULL, Object(Config\Cache), false)
#9 D:\HAZ Development\Aplikasi Web\htdocs\hazeduca\index.php(37): CodeIgniter\CodeIgniter->run()
#10 {main}
CRITICAL - 2023-01-18 13:50:11 --> Uncaught CodeIgniter\Format\Exceptions\FormatException: Failed to parse json string, error: "Malformed UTF-8 characters, possibly incorrectly encoded". in D:\HAZ Development\Aplikasi Web\htdocs\hazeduca\vendor\codeigniter4\framework\system\Format\JSONFormatter.php:41
Stack trace:
#0 D:\HAZ Development\Aplikasi Web\htdocs\hazeduca\vendor\codeigniter4\framework\system\Format\JSONFormatter.php(41): CodeIgniter\Format\Exceptions\FormatException::forInvalidJSON('Malformed UTF-8...')
#1 D:\HAZ Development\Aplikasi Web\htdocs\hazeduca\vendor\codeigniter4\framework\system\API\ResponseTrait.php(341): CodeIgniter\Format\JSONFormatter->format(Array)
#2 D:\HAZ Development\Aplikasi Web\htdocs\hazeduca\vendor\codeigniter4\framework\system\API\ResponseTrait.php(99): CodeIgniter\Debug\Exceptions->format(Array)
#3 D:\HAZ Development\Aplikasi Web\htdocs\hazeduca\vendor\codeigniter4\framework\system\Debug\Exceptions.php(115): CodeIgniter\Debug\Exceptions->respond(Array, 500)
#4 [internal function]: CodeIgniter\Debug\Exceptions->exceptionHandler(Object(ErrorException))
#5 {main}
  thrown
#0 [internal function]: CodeIgniter\Debug\Exceptions->shutdownHandler()
#1 {main}
