ERROR - 2022-03-28 21:46:56 --> mysqli_sql_exception: Unknown column 'username' in 'where clause' in C:\xampp\htdocs\banksoal\vendor\codeigniter4\framework\system\Database\MySQLi\Connection.php:314
Stack trace:
#0 C:\xampp\htdocs\banksoal\vendor\codeigniter4\framework\system\Database\MySQLi\Connection.php(314): mysqli->query('SELECT *\nFROM `...')
#1 C:\xampp\htdocs\banksoal\vendor\codeigniter4\framework\system\Database\BaseConnection.php(713): CodeIgniter\Database\MySQLi\Connection->execute('SELECT *\nFROM `...')
#2 C:\xampp\htdocs\banksoal\vendor\codeigniter4\framework\system\Database\BaseConnection.php(641): CodeIgniter\Database\BaseConnection->simpleQuery('SELECT *\nFROM `...')
#3 C:\xampp\htdocs\banksoal\vendor\codeigniter4\framework\system\Database\BaseBuilder.php(1866): CodeIgniter\Database\BaseConnection->query('SELECT *\nFROM `...', Array, false)
#4 C:\xampp\htdocs\banksoal\vendor\codeigniter4\framework\system\Model.php(836): CodeIgniter\Database\BaseBuilder->get()
#5 C:\xampp\htdocs\banksoal\app\Controllers\Auth.php(73): CodeIgniter\Model->__call('get', Array)
#6 C:\xampp\htdocs\banksoal\app\Controllers\Auth.php(39): App\Controllers\Auth->_login()
#7 C:\xampp\htdocs\banksoal\vendor\codeigniter4\framework\system\CodeIgniter.php(936): App\Controllers\Auth->ceklogin()
#8 C:\xampp\htdocs\banksoal\vendor\codeigniter4\framework\system\CodeIgniter.php(432): CodeIgniter\CodeIgniter->runController(Object(App\Controllers\Auth))
#9 C:\xampp\htdocs\banksoal\vendor\codeigniter4\framework\system\CodeIgniter.php(333): CodeIgniter\CodeIgniter->handleRequest(NULL, Object(Config\Cache), false)
#10 C:\xampp\htdocs\banksoal\index.php(44): CodeIgniter\CodeIgniter->run()
#11 C:\xampp\htdocs\banksoal\vendor\codeigniter4\framework\system\Commands\Server\rewrite.php(45): require_once('C:\\xampp\\htdocs...')
#12 {main}
ERROR - 2022-03-28 21:47:15 --> mysqli_sql_exception: Unknown column 'username' in 'where clause' in C:\xampp\htdocs\banksoal\vendor\codeigniter4\framework\system\Database\MySQLi\Connection.php:314
Stack trace:
#0 C:\xampp\htdocs\banksoal\vendor\codeigniter4\framework\system\Database\MySQLi\Connection.php(314): mysqli->query('SELECT *\nFROM `...')
#1 C:\xampp\htdocs\banksoal\vendor\codeigniter4\framework\system\Database\BaseConnection.php(713): CodeIgniter\Database\MySQLi\Connection->execute('SELECT *\nFROM `...')
#2 C:\xampp\htdocs\banksoal\vendor\codeigniter4\framework\system\Database\BaseConnection.php(641): CodeIgniter\Database\BaseConnection->simpleQuery('SELECT *\nFROM `...')
#3 C:\xampp\htdocs\banksoal\vendor\codeigniter4\framework\system\Database\BaseBuilder.php(1866): CodeIgniter\Database\BaseConnection->query('SELECT *\nFROM `...', Array, false)
#4 C:\xampp\htdocs\banksoal\vendor\codeigniter4\framework\system\Model.php(836): CodeIgniter\Database\BaseBuilder->get()
#5 C:\xampp\htdocs\banksoal\app\Controllers\Auth.php(73): CodeIgniter\Model->__call('get', Array)
#6 C:\xampp\htdocs\banksoal\app\Controllers\Auth.php(39): App\Controllers\Auth->_login()
#7 C:\xampp\htdocs\banksoal\vendor\codeigniter4\framework\system\CodeIgniter.php(936): App\Controllers\Auth->ceklogin()
#8 C:\xampp\htdocs\banksoal\vendor\codeigniter4\framework\system\CodeIgniter.php(432): CodeIgniter\CodeIgniter->runController(Object(App\Controllers\Auth))
#9 C:\xampp\htdocs\banksoal\vendor\codeigniter4\framework\system\CodeIgniter.php(333): CodeIgniter\CodeIgniter->handleRequest(NULL, Object(Config\Cache), false)
#10 C:\xampp\htdocs\banksoal\index.php(44): CodeIgniter\CodeIgniter->run()
#11 C:\xampp\htdocs\banksoal\vendor\codeigniter4\framework\system\Commands\Server\rewrite.php(45): require_once('C:\\xampp\\htdocs...')
#12 {main}
ERROR - 2022-03-28 21:48:48 --> mysqli_sql_exception: Unknown column 'username' in 'where clause' in C:\xampp\htdocs\banksoal\vendor\codeigniter4\framework\system\Database\MySQLi\Connection.php:314
Stack trace:
#0 C:\xampp\htdocs\banksoal\vendor\codeigniter4\framework\system\Database\MySQLi\Connection.php(314): mysqli->query('SELECT *\nFROM `...')
#1 C:\xampp\htdocs\banksoal\vendor\codeigniter4\framework\system\Database\BaseConnection.php(713): CodeIgniter\Database\MySQLi\Connection->execute('SELECT *\nFROM `...')
#2 C:\xampp\htdocs\banksoal\vendor\codeigniter4\framework\system\Database\BaseConnection.php(641): CodeIgniter\Database\BaseConnection->simpleQuery('SELECT *\nFROM `...')
#3 C:\xampp\htdocs\banksoal\vendor\codeigniter4\framework\system\Database\BaseBuilder.php(1866): CodeIgniter\Database\BaseConnection->query('SELECT *\nFROM `...', Array, false)
#4 C:\xampp\htdocs\banksoal\vendor\codeigniter4\framework\system\Model.php(836): CodeIgniter\Database\BaseBuilder->get()
#5 C:\xampp\htdocs\banksoal\app\Controllers\Auth.php(73): CodeIgniter\Model->__call('get', Array)
#6 C:\xampp\htdocs\banksoal\app\Controllers\Auth.php(39): App\Controllers\Auth->_login()
#7 C:\xampp\htdocs\banksoal\vendor\codeigniter4\framework\system\CodeIgniter.php(936): App\Controllers\Auth->ceklogin()
#8 C:\xampp\htdocs\banksoal\vendor\codeigniter4\framework\system\CodeIgniter.php(432): CodeIgniter\CodeIgniter->runController(Object(App\Controllers\Auth))
#9 C:\xampp\htdocs\banksoal\vendor\codeigniter4\framework\system\CodeIgniter.php(333): CodeIgniter\CodeIgniter->handleRequest(NULL, Object(Config\Cache), false)
#10 C:\xampp\htdocs\banksoal\index.php(44): CodeIgniter\CodeIgniter->run()
#11 C:\xampp\htdocs\banksoal\vendor\codeigniter4\framework\system\Commands\Server\rewrite.php(45): require_once('C:\\xampp\\htdocs...')
#12 {main}
ERROR - 2022-03-28 21:50:18 --> mysqli_sql_exception: Table 'u1371280_banksoal.hazedu_sessions' doesn't exist in C:\xampp\htdocs\banksoal\vendor\codeigniter4\framework\system\Database\MySQLi\Connection.php:314
Stack trace:
#0 C:\xampp\htdocs\banksoal\vendor\codeigniter4\framework\system\Database\MySQLi\Connection.php(314): mysqli->query('SELECT `data`\nF...')
#1 C:\xampp\htdocs\banksoal\vendor\codeigniter4\framework\system\Database\BaseConnection.php(713): CodeIgniter\Database\MySQLi\Connection->execute('SELECT `data`\nF...')
#2 C:\xampp\htdocs\banksoal\vendor\codeigniter4\framework\system\Database\BaseConnection.php(641): CodeIgniter\Database\BaseConnection->simpleQuery('SELECT `data`\nF...')
#3 C:\xampp\htdocs\banksoal\vendor\codeigniter4\framework\system\Database\BaseBuilder.php(1866): CodeIgniter\Database\BaseConnection->query('SELECT `data`\nF...', Array, false)
#4 C:\xampp\htdocs\banksoal\vendor\codeigniter4\framework\system\Session\Handlers\DatabaseHandler.php(155): CodeIgniter\Database\BaseBuilder->get()
#5 [internal function]: CodeIgniter\Session\Handlers\DatabaseHandler->read('b4t92vd2dvdfo9g...')
#6 C:\xampp\htdocs\banksoal\vendor\codeigniter4\framework\system\Session\Session.php(1027): session_start()
#7 C:\xampp\htdocs\banksoal\vendor\codeigniter4\framework\system\Session\Session.php(226): CodeIgniter\Session\Session->startSession()
#8 C:\xampp\htdocs\banksoal\vendor\codeigniter4\framework\system\Config\Services.php(714): CodeIgniter\Session\Session->start()
#9 C:\xampp\htdocs\banksoal\vendor\codeigniter4\framework\system\Config\BaseService.php(100): CodeIgniter\Config\Services::session(Object(Config\App), false)
#10 C:\xampp\htdocs\banksoal\vendor\codeigniter4\framework\system\Config\Services.php(699): CodeIgniter\Config\BaseService::getSharedInstance('session', NULL)
#11 C:\xampp\htdocs\banksoal\vendor\codeigniter4\framework\system\Config\BaseService.php(171): CodeIgniter\Config\Services::session()
#12 C:\xampp\htdocs\banksoal\vendor\codeigniter4\framework\system\Common.php(999): CodeIgniter\Config\BaseService::__callStatic('session', Array)
#13 C:\xampp\htdocs\banksoal\app\Controllers\BaseController.php(65): session()
#14 C:\xampp\htdocs\banksoal\vendor\codeigniter4\framework\system\CodeIgniter.php(909): App\Controllers\BaseController->initController(Object(CodeIgniter\HTTP\IncomingRequest), Object(CodeIgniter\HTTP\Response), Object(CodeIgniter\Log\Logger))
#15 C:\xampp\htdocs\banksoal\vendor\codeigniter4\framework\system\CodeIgniter.php(422): CodeIgniter\CodeIgniter->createController()
#16 C:\xampp\htdocs\banksoal\vendor\codeigniter4\framework\system\CodeIgniter.php(333): CodeIgniter\CodeIgniter->handleRequest(NULL, Object(Config\Cache), false)
#17 C:\xampp\htdocs\banksoal\index.php(44): CodeIgniter\CodeIgniter->run()
#18 C:\xampp\htdocs\banksoal\vendor\codeigniter4\framework\system\Commands\Server\rewrite.php(45): require_once('C:\\xampp\\htdocs...')
#19 {main}
ERROR - 2022-03-28 21:50:18 --> mysqli_sql_exception: Table 'u1371280_banksoal.hazedu_sessions' doesn't exist in C:\xampp\htdocs\banksoal\vendor\codeigniter4\framework\system\Database\MySQLi\Connection.php:314
Stack trace:
#0 C:\xampp\htdocs\banksoal\vendor\codeigniter4\framework\system\Database\MySQLi\Connection.php(314): mysqli->query('INSERT INTO `ha...')
#1 C:\xampp\htdocs\banksoal\vendor\codeigniter4\framework\system\Database\BaseConnection.php(713): CodeIgniter\Database\MySQLi\Connection->execute('INSERT INTO `ha...')
#2 C:\xampp\htdocs\banksoal\vendor\codeigniter4\framework\system\Database\BaseConnection.php(641): CodeIgniter\Database\BaseConnection->simpleQuery('INSERT INTO `ha...')
#3 C:\xampp\htdocs\banksoal\vendor\codeigniter4\framework\system\Database\BaseBuilder.php(2263): CodeIgniter\Database\BaseConnection->query('INSERT INTO `ha...', Array, false)
#4 C:\xampp\htdocs\banksoal\vendor\codeigniter4\framework\system\Session\Handlers\DatabaseHandler.php(221): CodeIgniter\Database\BaseBuilder->insert(Array)
#5 [internal function]: CodeIgniter\Session\Handlers\DatabaseHandler->write('b4t92vd2dvdfo9g...', '')
#6 [internal function]: session_write_close()
#7 {main}
ERROR - 2022-03-28 21:51:20 --> mysqli_sql_exception: Table 'u1371280_banksoal.hazedu_sessions' doesn't exist in C:\xampp\htdocs\banksoal\vendor\codeigniter4\framework\system\Database\MySQLi\Connection.php:314
Stack trace:
#0 C:\xampp\htdocs\banksoal\vendor\codeigniter4\framework\system\Database\MySQLi\Connection.php(314): mysqli->query('SELECT `data`\nF...')
#1 C:\xampp\htdocs\banksoal\vendor\codeigniter4\framework\system\Database\BaseConnection.php(713): CodeIgniter\Database\MySQLi\Connection->execute('SELECT `data`\nF...')
#2 C:\xampp\htdocs\banksoal\vendor\codeigniter4\framework\system\Database\BaseConnection.php(641): CodeIgniter\Database\BaseConnection->simpleQuery('SELECT `data`\nF...')
#3 C:\xampp\htdocs\banksoal\vendor\codeigniter4\framework\system\Database\BaseBuilder.php(1866): CodeIgniter\Database\BaseConnection->query('SELECT `data`\nF...', Array, false)
#4 C:\xampp\htdocs\banksoal\vendor\codeigniter4\framework\system\Session\Handlers\DatabaseHandler.php(155): CodeIgniter\Database\BaseBuilder->get()
#5 [internal function]: CodeIgniter\Session\Handlers\DatabaseHandler->read('b4t92vd2dvdfo9g...')
#6 C:\xampp\htdocs\banksoal\vendor\codeigniter4\framework\system\Session\Session.php(1027): session_start()
#7 C:\xampp\htdocs\banksoal\vendor\codeigniter4\framework\system\Session\Session.php(226): CodeIgniter\Session\Session->startSession()
#8 C:\xampp\htdocs\banksoal\vendor\codeigniter4\framework\system\Config\Services.php(714): CodeIgniter\Session\Session->start()
#9 C:\xampp\htdocs\banksoal\vendor\codeigniter4\framework\system\Config\BaseService.php(100): CodeIgniter\Config\Services::session(Object(Config\App), false)
#10 C:\xampp\htdocs\banksoal\vendor\codeigniter4\framework\system\Config\Services.php(699): CodeIgniter\Config\BaseService::getSharedInstance('session', NULL)
#11 C:\xampp\htdocs\banksoal\vendor\codeigniter4\framework\system\Config\BaseService.php(171): CodeIgniter\Config\Services::session()
#12 C:\xampp\htdocs\banksoal\vendor\codeigniter4\framework\system\Common.php(999): CodeIgniter\Config\BaseService::__callStatic('session', Array)
#13 C:\xampp\htdocs\banksoal\app\Controllers\BaseController.php(65): session()
#14 C:\xampp\htdocs\banksoal\vendor\codeigniter4\framework\system\CodeIgniter.php(909): App\Controllers\BaseController->initController(Object(CodeIgniter\HTTP\IncomingRequest), Object(CodeIgniter\HTTP\Response), Object(CodeIgniter\Log\Logger))
#15 C:\xampp\htdocs\banksoal\vendor\codeigniter4\framework\system\CodeIgniter.php(422): CodeIgniter\CodeIgniter->createController()
#16 C:\xampp\htdocs\banksoal\vendor\codeigniter4\framework\system\CodeIgniter.php(333): CodeIgniter\CodeIgniter->handleRequest(NULL, Object(Config\Cache), false)
#17 C:\xampp\htdocs\banksoal\index.php(44): CodeIgniter\CodeIgniter->run()
#18 C:\xampp\htdocs\banksoal\vendor\codeigniter4\framework\system\Commands\Server\rewrite.php(45): require_once('C:\\xampp\\htdocs...')
#19 {main}
ERROR - 2022-03-28 21:51:20 --> mysqli_sql_exception: Table 'u1371280_banksoal.hazedu_sessions' doesn't exist in C:\xampp\htdocs\banksoal\vendor\codeigniter4\framework\system\Database\MySQLi\Connection.php:314
Stack trace:
#0 C:\xampp\htdocs\banksoal\vendor\codeigniter4\framework\system\Database\MySQLi\Connection.php(314): mysqli->query('INSERT INTO `ha...')
#1 C:\xampp\htdocs\banksoal\vendor\codeigniter4\framework\system\Database\BaseConnection.php(713): CodeIgniter\Database\MySQLi\Connection->execute('INSERT INTO `ha...')
#2 C:\xampp\htdocs\banksoal\vendor\codeigniter4\framework\system\Database\BaseConnection.php(641): CodeIgniter\Database\BaseConnection->simpleQuery('INSERT INTO `ha...')
#3 C:\xampp\htdocs\banksoal\vendor\codeigniter4\framework\system\Database\BaseBuilder.php(2263): CodeIgniter\Database\BaseConnection->query('INSERT INTO `ha...', Array, false)
#4 C:\xampp\htdocs\banksoal\vendor\codeigniter4\framework\system\Session\Handlers\DatabaseHandler.php(221): CodeIgniter\Database\BaseBuilder->insert(Array)
#5 [internal function]: CodeIgniter\Session\Handlers\DatabaseHandler->write('b4t92vd2dvdfo9g...', '')
#6 [internal function]: session_write_close()
#7 {main}
ERROR - 2022-03-28 21:51:25 --> mysqli_sql_exception: Table 'u1371280_banksoal.hazedu_sessions' doesn't exist in C:\xampp\htdocs\banksoal\vendor\codeigniter4\framework\system\Database\MySQLi\Connection.php:314
Stack trace:
#0 C:\xampp\htdocs\banksoal\vendor\codeigniter4\framework\system\Database\MySQLi\Connection.php(314): mysqli->query('SELECT `data`\nF...')
#1 C:\xampp\htdocs\banksoal\vendor\codeigniter4\framework\system\Database\BaseConnection.php(713): CodeIgniter\Database\MySQLi\Connection->execute('SELECT `data`\nF...')
#2 C:\xampp\htdocs\banksoal\vendor\codeigniter4\framework\system\Database\BaseConnection.php(641): CodeIgniter\Database\BaseConnection->simpleQuery('SELECT `data`\nF...')
#3 C:\xampp\htdocs\banksoal\vendor\codeigniter4\framework\system\Database\BaseBuilder.php(1866): CodeIgniter\Database\BaseConnection->query('SELECT `data`\nF...', Array, false)
#4 C:\xampp\htdocs\banksoal\vendor\codeigniter4\framework\system\Session\Handlers\DatabaseHandler.php(155): CodeIgniter\Database\BaseBuilder->get()
#5 [internal function]: CodeIgniter\Session\Handlers\DatabaseHandler->read('b4t92vd2dvdfo9g...')
#6 C:\xampp\htdocs\banksoal\vendor\codeigniter4\framework\system\Session\Session.php(1027): session_start()
#7 C:\xampp\htdocs\banksoal\vendor\codeigniter4\framework\system\Session\Session.php(226): CodeIgniter\Session\Session->startSession()
#8 C:\xampp\htdocs\banksoal\vendor\codeigniter4\framework\system\Config\Services.php(714): CodeIgniter\Session\Session->start()
#9 C:\xampp\htdocs\banksoal\vendor\codeigniter4\framework\system\Config\BaseService.php(100): CodeIgniter\Config\Services::session(Object(Config\App), false)
#10 C:\xampp\htdocs\banksoal\vendor\codeigniter4\framework\system\Config\Services.php(699): CodeIgniter\Config\BaseService::getSharedInstance('session', NULL)
#11 C:\xampp\htdocs\banksoal\vendor\codeigniter4\framework\system\Config\BaseService.php(171): CodeIgniter\Config\Services::session()
#12 C:\xampp\htdocs\banksoal\vendor\codeigniter4\framework\system\Common.php(999): CodeIgniter\Config\BaseService::__callStatic('session', Array)
#13 C:\xampp\htdocs\banksoal\app\Controllers\BaseController.php(65): session()
#14 C:\xampp\htdocs\banksoal\vendor\codeigniter4\framework\system\CodeIgniter.php(909): App\Controllers\BaseController->initController(Object(CodeIgniter\HTTP\IncomingRequest), Object(CodeIgniter\HTTP\Response), Object(CodeIgniter\Log\Logger))
#15 C:\xampp\htdocs\banksoal\vendor\codeigniter4\framework\system\CodeIgniter.php(422): CodeIgniter\CodeIgniter->createController()
#16 C:\xampp\htdocs\banksoal\vendor\codeigniter4\framework\system\CodeIgniter.php(333): CodeIgniter\CodeIgniter->handleRequest(NULL, Object(Config\Cache), false)
#17 C:\xampp\htdocs\banksoal\index.php(44): CodeIgniter\CodeIgniter->run()
#18 C:\xampp\htdocs\banksoal\vendor\codeigniter4\framework\system\Commands\Server\rewrite.php(45): require_once('C:\\xampp\\htdocs...')
#19 {main}
ERROR - 2022-03-28 21:51:25 --> mysqli_sql_exception: Table 'u1371280_banksoal.hazedu_sessions' doesn't exist in C:\xampp\htdocs\banksoal\vendor\codeigniter4\framework\system\Database\MySQLi\Connection.php:314
Stack trace:
#0 C:\xampp\htdocs\banksoal\vendor\codeigniter4\framework\system\Database\MySQLi\Connection.php(314): mysqli->query('INSERT INTO `ha...')
#1 C:\xampp\htdocs\banksoal\vendor\codeigniter4\framework\system\Database\BaseConnection.php(713): CodeIgniter\Database\MySQLi\Connection->execute('INSERT INTO `ha...')
#2 C:\xampp\htdocs\banksoal\vendor\codeigniter4\framework\system\Database\BaseConnection.php(641): CodeIgniter\Database\BaseConnection->simpleQuery('INSERT INTO `ha...')
#3 C:\xampp\htdocs\banksoal\vendor\codeigniter4\framework\system\Database\BaseBuilder.php(2263): CodeIgniter\Database\BaseConnection->query('INSERT INTO `ha...', Array, false)
#4 C:\xampp\htdocs\banksoal\vendor\codeigniter4\framework\system\Session\Handlers\DatabaseHandler.php(221): CodeIgniter\Database\BaseBuilder->insert(Array)
#5 [internal function]: CodeIgniter\Session\Handlers\DatabaseHandler->write('b4t92vd2dvdfo9g...', 'username|s:8:"P...')
#6 [internal function]: session_write_close()
#7 {main}
ERROR - 2022-03-28 21:51:25 --> mysqli_sql_exception: Table 'u1371280_banksoal.hazedu_sessions' doesn't exist in C:\xampp\htdocs\banksoal\vendor\codeigniter4\framework\system\Database\MySQLi\Connection.php:314
Stack trace:
#0 C:\xampp\htdocs\banksoal\vendor\codeigniter4\framework\system\Database\MySQLi\Connection.php(314): mysqli->query('SELECT `data`\nF...')
#1 C:\xampp\htdocs\banksoal\vendor\codeigniter4\framework\system\Database\BaseConnection.php(713): CodeIgniter\Database\MySQLi\Connection->execute('SELECT `data`\nF...')
#2 C:\xampp\htdocs\banksoal\vendor\codeigniter4\framework\system\Database\BaseConnection.php(641): CodeIgniter\Database\BaseConnection->simpleQuery('SELECT `data`\nF...')
#3 C:\xampp\htdocs\banksoal\vendor\codeigniter4\framework\system\Database\BaseBuilder.php(1866): CodeIgniter\Database\BaseConnection->query('SELECT `data`\nF...', Array, false)
#4 C:\xampp\htdocs\banksoal\vendor\codeigniter4\framework\system\Session\Handlers\DatabaseHandler.php(155): CodeIgniter\Database\BaseBuilder->get()
#5 [internal function]: CodeIgniter\Session\Handlers\DatabaseHandler->read('b4t92vd2dvdfo9g...')
#6 C:\xampp\htdocs\banksoal\vendor\codeigniter4\framework\system\Session\Session.php(1027): session_start()
#7 C:\xampp\htdocs\banksoal\vendor\codeigniter4\framework\system\Session\Session.php(226): CodeIgniter\Session\Session->startSession()
#8 C:\xampp\htdocs\banksoal\vendor\codeigniter4\framework\system\Config\Services.php(714): CodeIgniter\Session\Session->start()
#9 C:\xampp\htdocs\banksoal\vendor\codeigniter4\framework\system\Config\BaseService.php(100): CodeIgniter\Config\Services::session(Object(Config\App), false)
#10 C:\xampp\htdocs\banksoal\vendor\codeigniter4\framework\system\Config\Services.php(699): CodeIgniter\Config\BaseService::getSharedInstance('session', NULL)
#11 C:\xampp\htdocs\banksoal\vendor\codeigniter4\framework\system\Config\BaseService.php(171): CodeIgniter\Config\Services::session()
#12 C:\xampp\htdocs\banksoal\vendor\codeigniter4\framework\system\Common.php(999): CodeIgniter\Config\BaseService::__callStatic('session', Array)
#13 C:\xampp\htdocs\banksoal\app\Filters\AuthFilter.php(13): session()
#14 C:\xampp\htdocs\banksoal\vendor\codeigniter4\framework\system\Filters\Filters.php(181): App\Filters\AuthFilter->before(Object(CodeIgniter\HTTP\IncomingRequest), NULL)
#15 C:\xampp\htdocs\banksoal\vendor\codeigniter4\framework\system\CodeIgniter.php(403): CodeIgniter\Filters\Filters->run('/', 'before')
#16 C:\xampp\htdocs\banksoal\vendor\codeigniter4\framework\system\CodeIgniter.php(333): CodeIgniter\CodeIgniter->handleRequest(NULL, Object(Config\Cache), false)
#17 C:\xampp\htdocs\banksoal\index.php(44): CodeIgniter\CodeIgniter->run()
#18 C:\xampp\htdocs\banksoal\vendor\codeigniter4\framework\system\Commands\Server\rewrite.php(45): require_once('C:\\xampp\\htdocs...')
#19 {main}
ERROR - 2022-03-28 21:51:25 --> mysqli_sql_exception: Table 'u1371280_banksoal.hazedu_sessions' doesn't exist in C:\xampp\htdocs\banksoal\vendor\codeigniter4\framework\system\Database\MySQLi\Connection.php:314
Stack trace:
#0 C:\xampp\htdocs\banksoal\vendor\codeigniter4\framework\system\Database\MySQLi\Connection.php(314): mysqli->query('INSERT INTO `ha...')
#1 C:\xampp\htdocs\banksoal\vendor\codeigniter4\framework\system\Database\BaseConnection.php(713): CodeIgniter\Database\MySQLi\Connection->execute('INSERT INTO `ha...')
#2 C:\xampp\htdocs\banksoal\vendor\codeigniter4\framework\system\Database\BaseConnection.php(641): CodeIgniter\Database\BaseConnection->simpleQuery('INSERT INTO `ha...')
#3 C:\xampp\htdocs\banksoal\vendor\codeigniter4\framework\system\Database\BaseBuilder.php(2263): CodeIgniter\Database\BaseConnection->query('INSERT INTO `ha...', Array, false)
#4 C:\xampp\htdocs\banksoal\vendor\codeigniter4\framework\system\Session\Handlers\DatabaseHandler.php(221): CodeIgniter\Database\BaseBuilder->insert(Array)
#5 [internal function]: CodeIgniter\Session\Handlers\DatabaseHandler->write('b4t92vd2dvdfo9g...', '')
#6 [internal function]: session_write_close()
#7 {main}
ERROR - 2022-03-28 21:51:26 --> mysqli_sql_exception: Table 'u1371280_banksoal.hazedu_sessions' doesn't exist in C:\xampp\htdocs\banksoal\vendor\codeigniter4\framework\system\Database\MySQLi\Connection.php:314
Stack trace:
#0 C:\xampp\htdocs\banksoal\vendor\codeigniter4\framework\system\Database\MySQLi\Connection.php(314): mysqli->query('SELECT `data`\nF...')
#1 C:\xampp\htdocs\banksoal\vendor\codeigniter4\framework\system\Database\BaseConnection.php(713): CodeIgniter\Database\MySQLi\Connection->execute('SELECT `data`\nF...')
#2 C:\xampp\htdocs\banksoal\vendor\codeigniter4\framework\system\Database\BaseConnection.php(641): CodeIgniter\Database\BaseConnection->simpleQuery('SELECT `data`\nF...')
#3 C:\xampp\htdocs\banksoal\vendor\codeigniter4\framework\system\Database\BaseBuilder.php(1866): CodeIgniter\Database\BaseConnection->query('SELECT `data`\nF...', Array, false)
#4 C:\xampp\htdocs\banksoal\vendor\codeigniter4\framework\system\Session\Handlers\DatabaseHandler.php(155): CodeIgniter\Database\BaseBuilder->get()
#5 [internal function]: CodeIgniter\Session\Handlers\DatabaseHandler->read('b4t92vd2dvdfo9g...')
#6 C:\xampp\htdocs\banksoal\vendor\codeigniter4\framework\system\Session\Session.php(1027): session_start()
#7 C:\xampp\htdocs\banksoal\vendor\codeigniter4\framework\system\Session\Session.php(226): CodeIgniter\Session\Session->startSession()
#8 C:\xampp\htdocs\banksoal\vendor\codeigniter4\framework\system\Config\Services.php(714): CodeIgniter\Session\Session->start()
#9 C:\xampp\htdocs\banksoal\vendor\codeigniter4\framework\system\Config\BaseService.php(100): CodeIgniter\Config\Services::session(Object(Config\App), false)
#10 C:\xampp\htdocs\banksoal\vendor\codeigniter4\framework\system\Config\Services.php(699): CodeIgniter\Config\BaseService::getSharedInstance('session', NULL)
#11 C:\xampp\htdocs\banksoal\vendor\codeigniter4\framework\system\Config\BaseService.php(171): CodeIgniter\Config\Services::session()
#12 C:\xampp\htdocs\banksoal\vendor\codeigniter4\framework\system\Common.php(999): CodeIgniter\Config\BaseService::__callStatic('session', Array)
#13 C:\xampp\htdocs\banksoal\app\Controllers\BaseController.php(65): session()
#14 C:\xampp\htdocs\banksoal\vendor\codeigniter4\framework\system\CodeIgniter.php(909): App\Controllers\BaseController->initController(Object(CodeIgniter\HTTP\IncomingRequest), Object(CodeIgniter\HTTP\Response), Object(CodeIgniter\Log\Logger))
#15 C:\xampp\htdocs\banksoal\vendor\codeigniter4\framework\system\CodeIgniter.php(422): CodeIgniter\CodeIgniter->createController()
#16 C:\xampp\htdocs\banksoal\vendor\codeigniter4\framework\system\CodeIgniter.php(333): CodeIgniter\CodeIgniter->handleRequest(NULL, Object(Config\Cache), false)
#17 C:\xampp\htdocs\banksoal\index.php(44): CodeIgniter\CodeIgniter->run()
#18 C:\xampp\htdocs\banksoal\vendor\codeigniter4\framework\system\Commands\Server\rewrite.php(45): require_once('C:\\xampp\\htdocs...')
#19 {main}
ERROR - 2022-03-28 21:51:26 --> mysqli_sql_exception: Table 'u1371280_banksoal.hazedu_sessions' doesn't exist in C:\xampp\htdocs\banksoal\vendor\codeigniter4\framework\system\Database\MySQLi\Connection.php:314
Stack trace:
#0 C:\xampp\htdocs\banksoal\vendor\codeigniter4\framework\system\Database\MySQLi\Connection.php(314): mysqli->query('INSERT INTO `ha...')
#1 C:\xampp\htdocs\banksoal\vendor\codeigniter4\framework\system\Database\BaseConnection.php(713): CodeIgniter\Database\MySQLi\Connection->execute('INSERT INTO `ha...')
#2 C:\xampp\htdocs\banksoal\vendor\codeigniter4\framework\system\Database\BaseConnection.php(641): CodeIgniter\Database\BaseConnection->simpleQuery('INSERT INTO `ha...')
#3 C:\xampp\htdocs\banksoal\vendor\codeigniter4\framework\system\Database\BaseBuilder.php(2263): CodeIgniter\Database\BaseConnection->query('INSERT INTO `ha...', Array, false)
#4 C:\xampp\htdocs\banksoal\vendor\codeigniter4\framework\system\Session\Handlers\DatabaseHandler.php(221): CodeIgniter\Database\BaseBuilder->insert(Array)
#5 [internal function]: CodeIgniter\Session\Handlers\DatabaseHandler->write('b4t92vd2dvdfo9g...', '_ci_previous_ur...')
#6 [internal function]: session_write_close()
#7 {main}
ERROR - 2022-03-28 21:51:40 --> mysqli_sql_exception: Table 'u1371280_banksoal.hazedu_sessions' doesn't exist in C:\xampp\htdocs\banksoal\vendor\codeigniter4\framework\system\Database\MySQLi\Connection.php:314
Stack trace:
#0 C:\xampp\htdocs\banksoal\vendor\codeigniter4\framework\system\Database\MySQLi\Connection.php(314): mysqli->query('SELECT `data`\nF...')
#1 C:\xampp\htdocs\banksoal\vendor\codeigniter4\framework\system\Database\BaseConnection.php(713): CodeIgniter\Database\MySQLi\Connection->execute('SELECT `data`\nF...')
#2 C:\xampp\htdocs\banksoal\vendor\codeigniter4\framework\system\Database\BaseConnection.php(641): CodeIgniter\Database\BaseConnection->simpleQuery('SELECT `data`\nF...')
#3 C:\xampp\htdocs\banksoal\vendor\codeigniter4\framework\system\Database\BaseBuilder.php(1866): CodeIgniter\Database\BaseConnection->query('SELECT `data`\nF...', Array, false)
#4 C:\xampp\htdocs\banksoal\vendor\codeigniter4\framework\system\Session\Handlers\DatabaseHandler.php(155): CodeIgniter\Database\BaseBuilder->get()
#5 [internal function]: CodeIgniter\Session\Handlers\DatabaseHandler->read('b4t92vd2dvdfo9g...')
#6 C:\xampp\htdocs\banksoal\vendor\codeigniter4\framework\system\Session\Session.php(1027): session_start()
#7 C:\xampp\htdocs\banksoal\vendor\codeigniter4\framework\system\Session\Session.php(226): CodeIgniter\Session\Session->startSession()
#8 C:\xampp\htdocs\banksoal\vendor\codeigniter4\framework\system\Config\Services.php(714): CodeIgniter\Session\Session->start()
#9 C:\xampp\htdocs\banksoal\vendor\codeigniter4\framework\system\Config\BaseService.php(100): CodeIgniter\Config\Services::session(Object(Config\App), false)
#10 C:\xampp\htdocs\banksoal\vendor\codeigniter4\framework\system\Config\Services.php(699): CodeIgniter\Config\BaseService::getSharedInstance('session', NULL)
#11 C:\xampp\htdocs\banksoal\vendor\codeigniter4\framework\system\Config\BaseService.php(171): CodeIgniter\Config\Services::session()
#12 C:\xampp\htdocs\banksoal\vendor\codeigniter4\framework\system\Common.php(999): CodeIgniter\Config\BaseService::__callStatic('session', Array)
#13 C:\xampp\htdocs\banksoal\app\Controllers\BaseController.php(65): session()
#14 C:\xampp\htdocs\banksoal\vendor\codeigniter4\framework\system\CodeIgniter.php(909): App\Controllers\BaseController->initController(Object(CodeIgniter\HTTP\IncomingRequest), Object(CodeIgniter\HTTP\Response), Object(CodeIgniter\Log\Logger))
#15 C:\xampp\htdocs\banksoal\vendor\codeigniter4\framework\system\CodeIgniter.php(422): CodeIgniter\CodeIgniter->createController()
#16 C:\xampp\htdocs\banksoal\vendor\codeigniter4\framework\system\CodeIgniter.php(333): CodeIgniter\CodeIgniter->handleRequest(NULL, Object(Config\Cache), false)
#17 C:\xampp\htdocs\banksoal\index.php(44): CodeIgniter\CodeIgniter->run()
#18 C:\xampp\htdocs\banksoal\vendor\codeigniter4\framework\system\Commands\Server\rewrite.php(45): require_once('C:\\xampp\\htdocs...')
#19 {main}
ERROR - 2022-03-28 21:51:40 --> mysqli_sql_exception: Table 'u1371280_banksoal.hazedu_sessions' doesn't exist in C:\xampp\htdocs\banksoal\vendor\codeigniter4\framework\system\Database\MySQLi\Connection.php:314
Stack trace:
#0 C:\xampp\htdocs\banksoal\vendor\codeigniter4\framework\system\Database\MySQLi\Connection.php(314): mysqli->query('INSERT INTO `ha...')
#1 C:\xampp\htdocs\banksoal\vendor\codeigniter4\framework\system\Database\BaseConnection.php(713): CodeIgniter\Database\MySQLi\Connection->execute('INSERT INTO `ha...')
#2 C:\xampp\htdocs\banksoal\vendor\codeigniter4\framework\system\Database\BaseConnection.php(641): CodeIgniter\Database\BaseConnection->simpleQuery('INSERT INTO `ha...')
#3 C:\xampp\htdocs\banksoal\vendor\codeigniter4\framework\system\Database\BaseBuilder.php(2263): CodeIgniter\Database\BaseConnection->query('INSERT INTO `ha...', Array, false)
#4 C:\xampp\htdocs\banksoal\vendor\codeigniter4\framework\system\Session\Handlers\DatabaseHandler.php(221): CodeIgniter\Database\BaseBuilder->insert(Array)
#5 [internal function]: CodeIgniter\Session\Handlers\DatabaseHandler->write('b4t92vd2dvdfo9g...', 'username|s:8:"P...')
#6 [internal function]: session_write_close()
#7 {main}
ERROR - 2022-03-28 21:51:40 --> mysqli_sql_exception: Table 'u1371280_banksoal.hazedu_sessions' doesn't exist in C:\xampp\htdocs\banksoal\vendor\codeigniter4\framework\system\Database\MySQLi\Connection.php:314
Stack trace:
#0 C:\xampp\htdocs\banksoal\vendor\codeigniter4\framework\system\Database\MySQLi\Connection.php(314): mysqli->query('SELECT `data`\nF...')
#1 C:\xampp\htdocs\banksoal\vendor\codeigniter4\framework\system\Database\BaseConnection.php(713): CodeIgniter\Database\MySQLi\Connection->execute('SELECT `data`\nF...')
#2 C:\xampp\htdocs\banksoal\vendor\codeigniter4\framework\system\Database\BaseConnection.php(641): CodeIgniter\Database\BaseConnection->simpleQuery('SELECT `data`\nF...')
#3 C:\xampp\htdocs\banksoal\vendor\codeigniter4\framework\system\Database\BaseBuilder.php(1866): CodeIgniter\Database\BaseConnection->query('SELECT `data`\nF...', Array, false)
#4 C:\xampp\htdocs\banksoal\vendor\codeigniter4\framework\system\Session\Handlers\DatabaseHandler.php(155): CodeIgniter\Database\BaseBuilder->get()
#5 [internal function]: CodeIgniter\Session\Handlers\DatabaseHandler->read('b4t92vd2dvdfo9g...')
#6 C:\xampp\htdocs\banksoal\vendor\codeigniter4\framework\system\Session\Session.php(1027): session_start()
#7 C:\xampp\htdocs\banksoal\vendor\codeigniter4\framework\system\Session\Session.php(226): CodeIgniter\Session\Session->startSession()
#8 C:\xampp\htdocs\banksoal\vendor\codeigniter4\framework\system\Config\Services.php(714): CodeIgniter\Session\Session->start()
#9 C:\xampp\htdocs\banksoal\vendor\codeigniter4\framework\system\Config\BaseService.php(100): CodeIgniter\Config\Services::session(Object(Config\App), false)
#10 C:\xampp\htdocs\banksoal\vendor\codeigniter4\framework\system\Config\Services.php(699): CodeIgniter\Config\BaseService::getSharedInstance('session', NULL)
#11 C:\xampp\htdocs\banksoal\vendor\codeigniter4\framework\system\Config\BaseService.php(171): CodeIgniter\Config\Services::session()
#12 C:\xampp\htdocs\banksoal\vendor\codeigniter4\framework\system\Common.php(999): CodeIgniter\Config\BaseService::__callStatic('session', Array)
#13 C:\xampp\htdocs\banksoal\app\Filters\AuthFilter.php(13): session()
#14 C:\xampp\htdocs\banksoal\vendor\codeigniter4\framework\system\Filters\Filters.php(181): App\Filters\AuthFilter->before(Object(CodeIgniter\HTTP\IncomingRequest), NULL)
#15 C:\xampp\htdocs\banksoal\vendor\codeigniter4\framework\system\CodeIgniter.php(403): CodeIgniter\Filters\Filters->run('/', 'before')
#16 C:\xampp\htdocs\banksoal\vendor\codeigniter4\framework\system\CodeIgniter.php(333): CodeIgniter\CodeIgniter->handleRequest(NULL, Object(Config\Cache), false)
#17 C:\xampp\htdocs\banksoal\index.php(44): CodeIgniter\CodeIgniter->run()
#18 C:\xampp\htdocs\banksoal\vendor\codeigniter4\framework\system\Commands\Server\rewrite.php(45): require_once('C:\\xampp\\htdocs...')
#19 {main}
ERROR - 2022-03-28 21:51:40 --> mysqli_sql_exception: Table 'u1371280_banksoal.hazedu_sessions' doesn't exist in C:\xampp\htdocs\banksoal\vendor\codeigniter4\framework\system\Database\MySQLi\Connection.php:314
Stack trace:
#0 C:\xampp\htdocs\banksoal\vendor\codeigniter4\framework\system\Database\MySQLi\Connection.php(314): mysqli->query('INSERT INTO `ha...')
#1 C:\xampp\htdocs\banksoal\vendor\codeigniter4\framework\system\Database\BaseConnection.php(713): CodeIgniter\Database\MySQLi\Connection->execute('INSERT INTO `ha...')
#2 C:\xampp\htdocs\banksoal\vendor\codeigniter4\framework\system\Database\BaseConnection.php(641): CodeIgniter\Database\BaseConnection->simpleQuery('INSERT INTO `ha...')
#3 C:\xampp\htdocs\banksoal\vendor\codeigniter4\framework\system\Database\BaseBuilder.php(2263): CodeIgniter\Database\BaseConnection->query('INSERT INTO `ha...', Array, false)
#4 C:\xampp\htdocs\banksoal\vendor\codeigniter4\framework\system\Session\Handlers\DatabaseHandler.php(221): CodeIgniter\Database\BaseBuilder->insert(Array)
#5 [internal function]: CodeIgniter\Session\Handlers\DatabaseHandler->write('b4t92vd2dvdfo9g...', '')
#6 [internal function]: session_write_close()
#7 {main}
ERROR - 2022-03-28 21:51:40 --> mysqli_sql_exception: Table 'u1371280_banksoal.hazedu_sessions' doesn't exist in C:\xampp\htdocs\banksoal\vendor\codeigniter4\framework\system\Database\MySQLi\Connection.php:314
Stack trace:
#0 C:\xampp\htdocs\banksoal\vendor\codeigniter4\framework\system\Database\MySQLi\Connection.php(314): mysqli->query('SELECT `data`\nF...')
#1 C:\xampp\htdocs\banksoal\vendor\codeigniter4\framework\system\Database\BaseConnection.php(713): CodeIgniter\Database\MySQLi\Connection->execute('SELECT `data`\nF...')
#2 C:\xampp\htdocs\banksoal\vendor\codeigniter4\framework\system\Database\BaseConnection.php(641): CodeIgniter\Database\BaseConnection->simpleQuery('SELECT `data`\nF...')
#3 C:\xampp\htdocs\banksoal\vendor\codeigniter4\framework\system\Database\BaseBuilder.php(1866): CodeIgniter\Database\BaseConnection->query('SELECT `data`\nF...', Array, false)
#4 C:\xampp\htdocs\banksoal\vendor\codeigniter4\framework\system\Session\Handlers\DatabaseHandler.php(155): CodeIgniter\Database\BaseBuilder->get()
#5 [internal function]: CodeIgniter\Session\Handlers\DatabaseHandler->read('b4t92vd2dvdfo9g...')
#6 C:\xampp\htdocs\banksoal\vendor\codeigniter4\framework\system\Session\Session.php(1027): session_start()
#7 C:\xampp\htdocs\banksoal\vendor\codeigniter4\framework\system\Session\Session.php(226): CodeIgniter\Session\Session->startSession()
#8 C:\xampp\htdocs\banksoal\vendor\codeigniter4\framework\system\Config\Services.php(714): CodeIgniter\Session\Session->start()
#9 C:\xampp\htdocs\banksoal\vendor\codeigniter4\framework\system\Config\BaseService.php(100): CodeIgniter\Config\Services::session(Object(Config\App), false)
#10 C:\xampp\htdocs\banksoal\vendor\codeigniter4\framework\system\Config\Services.php(699): CodeIgniter\Config\BaseService::getSharedInstance('session', NULL)
#11 C:\xampp\htdocs\banksoal\vendor\codeigniter4\framework\system\Config\BaseService.php(171): CodeIgniter\Config\Services::session()
#12 C:\xampp\htdocs\banksoal\vendor\codeigniter4\framework\system\Common.php(999): CodeIgniter\Config\BaseService::__callStatic('session', Array)
#13 C:\xampp\htdocs\banksoal\app\Controllers\BaseController.php(65): session()
#14 C:\xampp\htdocs\banksoal\vendor\codeigniter4\framework\system\CodeIgniter.php(909): App\Controllers\BaseController->initController(Object(CodeIgniter\HTTP\IncomingRequest), Object(CodeIgniter\HTTP\Response), Object(CodeIgniter\Log\Logger))
#15 C:\xampp\htdocs\banksoal\vendor\codeigniter4\framework\system\CodeIgniter.php(422): CodeIgniter\CodeIgniter->createController()
#16 C:\xampp\htdocs\banksoal\vendor\codeigniter4\framework\system\CodeIgniter.php(333): CodeIgniter\CodeIgniter->handleRequest(NULL, Object(Config\Cache), false)
#17 C:\xampp\htdocs\banksoal\index.php(44): CodeIgniter\CodeIgniter->run()
#18 C:\xampp\htdocs\banksoal\vendor\codeigniter4\framework\system\Commands\Server\rewrite.php(45): require_once('C:\\xampp\\htdocs...')
#19 {main}
ERROR - 2022-03-28 21:51:40 --> mysqli_sql_exception: Table 'u1371280_banksoal.hazedu_sessions' doesn't exist in C:\xampp\htdocs\banksoal\vendor\codeigniter4\framework\system\Database\MySQLi\Connection.php:314
Stack trace:
#0 C:\xampp\htdocs\banksoal\vendor\codeigniter4\framework\system\Database\MySQLi\Connection.php(314): mysqli->query('INSERT INTO `ha...')
#1 C:\xampp\htdocs\banksoal\vendor\codeigniter4\framework\system\Database\BaseConnection.php(713): CodeIgniter\Database\MySQLi\Connection->execute('INSERT INTO `ha...')
#2 C:\xampp\htdocs\banksoal\vendor\codeigniter4\framework\system\Database\BaseConnection.php(641): CodeIgniter\Database\BaseConnection->simpleQuery('INSERT INTO `ha...')
#3 C:\xampp\htdocs\banksoal\vendor\codeigniter4\framework\system\Database\BaseBuilder.php(2263): CodeIgniter\Database\BaseConnection->query('INSERT INTO `ha...', Array, false)
#4 C:\xampp\htdocs\banksoal\vendor\codeigniter4\framework\system\Session\Handlers\DatabaseHandler.php(221): CodeIgniter\Database\BaseBuilder->insert(Array)
#5 [internal function]: CodeIgniter\Session\Handlers\DatabaseHandler->write('b4t92vd2dvdfo9g...', '_ci_previous_ur...')
#6 [internal function]: session_write_close()
#7 {main}
ERROR - 2022-03-28 22:43:24 --> mysqli_sql_exception: Column 'jawaban' cannot be null in C:\xampp\htdocs\banksoal\vendor\codeigniter4\framework\system\Database\MySQLi\Connection.php:314
Stack trace:
#0 C:\xampp\htdocs\banksoal\vendor\codeigniter4\framework\system\Database\MySQLi\Connection.php(314): mysqli->query('INSERT INTO `so...')
#1 C:\xampp\htdocs\banksoal\vendor\codeigniter4\framework\system\Database\BaseConnection.php(713): CodeIgniter\Database\MySQLi\Connection->execute('INSERT INTO `so...')
#2 C:\xampp\htdocs\banksoal\vendor\codeigniter4\framework\system\Database\BaseConnection.php(641): CodeIgniter\Database\BaseConnection->simpleQuery('INSERT INTO `so...')
#3 C:\xampp\htdocs\banksoal\vendor\codeigniter4\framework\system\Database\BaseBuilder.php(2263): CodeIgniter\Database\BaseConnection->query('INSERT INTO `so...', Array, false)
#4 C:\xampp\htdocs\banksoal\vendor\codeigniter4\framework\system\Model.php(278): CodeIgniter\Database\BaseBuilder->insert()
#5 C:\xampp\htdocs\banksoal\vendor\codeigniter4\framework\system\BaseModel.php(758): CodeIgniter\Model->doInsert(Array)
#6 C:\xampp\htdocs\banksoal\vendor\codeigniter4\framework\system\Model.php(705): CodeIgniter\BaseModel->insert(Array, false)
#7 C:\xampp\htdocs\banksoal\vendor\codeigniter4\framework\system\BaseModel.php(667): CodeIgniter\Model->insert(Array, false)
#8 C:\xampp\htdocs\banksoal\app\Controllers\Banksoal.php(691): CodeIgniter\BaseModel->save(Array)
#9 C:\xampp\htdocs\banksoal\vendor\codeigniter4\framework\system\CodeIgniter.php(936): App\Controllers\Banksoal->upsoal()
#10 C:\xampp\htdocs\banksoal\vendor\codeigniter4\framework\system\CodeIgniter.php(432): CodeIgniter\CodeIgniter->runController(Object(App\Controllers\Banksoal))
#11 C:\xampp\htdocs\banksoal\vendor\codeigniter4\framework\system\CodeIgniter.php(333): CodeIgniter\CodeIgniter->handleRequest(NULL, Object(Config\Cache), false)
#12 C:\xampp\htdocs\banksoal\index.php(44): CodeIgniter\CodeIgniter->run()
#13 C:\xampp\htdocs\banksoal\vendor\codeigniter4\framework\system\Commands\Server\rewrite.php(45): require_once('C:\\xampp\\htdocs...')
#14 {main}
ERROR - 2022-03-28 22:46:10 --> mysqli_sql_exception: Column 'jawaban' cannot be null in C:\xampp\htdocs\banksoal\vendor\codeigniter4\framework\system\Database\MySQLi\Connection.php:314
Stack trace:
#0 C:\xampp\htdocs\banksoal\vendor\codeigniter4\framework\system\Database\MySQLi\Connection.php(314): mysqli->query('INSERT INTO `so...')
#1 C:\xampp\htdocs\banksoal\vendor\codeigniter4\framework\system\Database\BaseConnection.php(713): CodeIgniter\Database\MySQLi\Connection->execute('INSERT INTO `so...')
#2 C:\xampp\htdocs\banksoal\vendor\codeigniter4\framework\system\Database\BaseConnection.php(641): CodeIgniter\Database\BaseConnection->simpleQuery('INSERT INTO `so...')
#3 C:\xampp\htdocs\banksoal\vendor\codeigniter4\framework\system\Database\BaseBuilder.php(2263): CodeIgniter\Database\BaseConnection->query('INSERT INTO `so...', Array, false)
#4 C:\xampp\htdocs\banksoal\vendor\codeigniter4\framework\system\Model.php(278): CodeIgniter\Database\BaseBuilder->insert()
#5 C:\xampp\htdocs\banksoal\vendor\codeigniter4\framework\system\BaseModel.php(758): CodeIgniter\Model->doInsert(Array)
#6 C:\xampp\htdocs\banksoal\vendor\codeigniter4\framework\system\Model.php(705): CodeIgniter\BaseModel->insert(Array, false)
#7 C:\xampp\htdocs\banksoal\vendor\codeigniter4\framework\system\BaseModel.php(667): CodeIgniter\Model->insert(Array, false)
#8 C:\xampp\htdocs\banksoal\app\Controllers\Banksoal.php(691): CodeIgniter\BaseModel->save(Array)
#9 C:\xampp\htdocs\banksoal\vendor\codeigniter4\framework\system\CodeIgniter.php(936): App\Controllers\Banksoal->upsoal()
#10 C:\xampp\htdocs\banksoal\vendor\codeigniter4\framework\system\CodeIgniter.php(432): CodeIgniter\CodeIgniter->runController(Object(App\Controllers\Banksoal))
#11 C:\xampp\htdocs\banksoal\vendor\codeigniter4\framework\system\CodeIgniter.php(333): CodeIgniter\CodeIgniter->handleRequest(NULL, Object(Config\Cache), false)
#12 C:\xampp\htdocs\banksoal\index.php(44): CodeIgniter\CodeIgniter->run()
#13 C:\xampp\htdocs\banksoal\vendor\codeigniter4\framework\system\Commands\Server\rewrite.php(45): require_once('C:\\xampp\\htdocs...')
#14 {main}
